<?xml version="1.0" encoding="utf-8"?><testsuite errors="0" failures="0" name="pytest" skips="0" tests="8" time="0.213"><testcase classname="test_submit.TestChallenge1" file="test_submit.py" line="29" name="test_len" time="0.00032591819763183594"></testcase><testcase classname="test_submit.TestChallenge1" file="test_submit.py" line="33" name="test_1" time="0.0019578933715820312"></testcase><testcase classname="test_submit.TestChallenge1" file="test_submit.py" line="37" name="test_2" time="0.001302480697631836"></testcase><testcase classname="test_submit.TestChallenge1" file="test_submit.py" line="41" name="test_3" time="0.0009975433349609375"></testcase><testcase classname="test_submit.TestChallenge1" file="test_submit.py" line="45" name="test_4" time="0.0005640983581542969"></testcase><testcase classname="test_submit.TestChallenge1" file="test_submit.py" line="49" name="test_5" time="0.001631021499633789"></testcase><testcase classname="test_submit.TestChallenge1" file="test_submit.py" line="53" name="test_6" time="0.001973867416381836"></testcase><testcase classname="test_submit.TestChallenge1" file="test_submit.py" line="57" name="test_7" time="0.0019948482513427734"></testcase></testsuite>